<?xml version="1.0" encoding="UTF-8"?>
<!-- Generated by org.testng.reporters.JUnitReportReporter -->
<testsuite hostname="raju" failures="0" tests="3" name="Phone.iphone" time="17.550" errors="0" timestamp="2024-07-15T00:11:39 IST" skipped="0">
  <testcase classname="Phone.iphone" name="test2" time="0.002"/>
  <system-out/>
  <testcase classname="Phone.iphone" name="logindetails" time="17.544"/>
  <system-out/>
  <testcase classname="Phone.iphone" name="test" time="0.004"/>
  <system-out/>
</testsuite> <!-- Phone.iphone -->
